\BOOKMARK [1][-]{section.1}{\376\377\000T\000h\000e\000\040\000n\000e\000e\000d\000\040\000f\000o\000r\000\040\000p\000r\000o\000b\000l\000e\000m\000\040\000t\000o\000\040\000t\000e\000x}{}% 1
\BOOKMARK [1][-]{section.2}{\376\377\000I\000n\000s\000t\000a\000l\000l\000a\000t\000i\000o\000n\000\040\000a\000n\000d\000\040\000S\000e\000t\000u\000p}{}% 2
\BOOKMARK [1][-]{section.3}{\376\377\000Q\000u\000i\000c\000k\000\040\000S\000t\000a\000r\000t\000\040\000G\000u\000i\000d\000e}{}% 3
\BOOKMARK [2][-]{subsection.3.1}{\376\377\000C\000o\000m\000m\000a\000n\000d\000\040\000L\000i\000n\000e\000\040\000O\000p\000t\000i\000o\000n\000s}{section.3}% 4
\BOOKMARK [2][-]{subsection.3.2}{\376\377\000E\000r\000r\000o\000r\000\040\000L\000o\000g\000g\000i\000n\000g}{section.3}% 5
\BOOKMARK [2][-]{subsection.3.3}{\376\377\000E\000x\000a\000m\000p\000l\000e\000s}{section.3}% 6
\BOOKMARK [2][-]{subsection.3.4}{\376\377\000S\000y\000n\000t\000a\000x\000\040\000d\000i\000f\000f\000e\000r\000e\000n\000c\000e\000\040\000w\000i\000t\000h\000\040\000L\000a\000t\000e\000x}{section.3}% 7
\BOOKMARK [1][-]{section.4}{\376\377\000C\000o\000m\000m\000a\000n\000d\000s\000\040\000f\000o\000r\000\040\000.\000p\000r\000b\000\040\000f\000i\000l\000e\000s}{}% 8
\BOOKMARK [2][-]{subsection.4.1}{\376\377\000C\000O\000N\000F\000I\000G\000\040\000C\000o\000m\000m\000a\000n\000d}{section.4}% 9
\BOOKMARK [2][-]{subsection.4.2}{\376\377\000P\000A\000R\000A\000M\000\040\000C\000o\000m\000m\000a\000n\000d}{section.4}% 10
\BOOKMARK [2][-]{subsection.4.3}{\376\377\000R\000U\000N\000\040\000C\000o\000m\000m\000a\000n\000d}{section.4}% 11
\BOOKMARK [2][-]{subsection.4.4}{\376\377\000V\000A\000L\000\040\000C\000o\000m\000m\000a\000n\000d}{section.4}% 12
\BOOKMARK [2][-]{subsection.4.5}{\376\377\000I\000N\000C\000L\000U\000D\000E\000\040\000C\000o\000m\000m\000a\000n\000d}{section.4}% 13
\BOOKMARK [1][-]{section.5}{\376\377\000O\000t\000h\000e\000r\000\040\000I\000n\000f\000o\000r\000m\000a\000t\000i\000o\000n}{}% 14
\BOOKMARK [2][-]{subsection.5.1}{\376\377\000E\000x\000p\000r\000e\000s\000s\000i\000o\000n\000\040\000S\000o\000l\000v\000e\000r}{section.5}% 15
\BOOKMARK [3][-]{subsubsection.5.1.1}{\376\377\000F\000u\000n\000c\000t\000i\000o\000n\000s}{subsection.5.1}% 16
\BOOKMARK [2][-]{subsection.5.2}{\376\377\000M\000o\000r\000e\000\040\000o\000n\000\040\000U\000n\000i\000t\000s}{section.5}% 17
\BOOKMARK [1][-]{section.6}{\376\377\000L\000i\000c\000e\000n\000s\000e}{}% 18
\BOOKMARK [2][-]{subsection.6.1}{\376\377\000F\000i\000l\000e\000s\000\040\000c\000r\000e\000a\000t\000e\000d\000\040\000b\000y\000\040\000p\000r\000o\000b\000l\000e\000m\0002\000t\000e\000x}{section.6}% 19
\BOOKMARK [2][-]{subsection.6.2}{\376\377\000S\000o\000f\000t\000w\000a\000r\000e\000\040\000L\000i\000c\000e\000n\000s\000e}{section.6}% 20
